[I 2026-08-27 14:02:34,837] A new study created in memory with name: no-name-a87a64b1-7a51-4866-af7a-3331e43967b0
[I 2026-08-27 14:03:17,032] Trial 0 finished with value: 0.8573042705638764 and parameters: {'hidden': 128, 'n_layers': 3, 'dropout': 0.1624074561769746, 'lr': 0.00016998978382700775, 'batch_size': 1024, 'focal_alpha': 0.6664580622368365, 'focal_gamma': 1.0}. Best is trial 0 with value: 0.8573042705638764.
[I 2026-08-27 14:03:48,655] Trial 1 finished with value: 0.8740063686890261 and parameters: {'hidden': 256, 'n_layers': 3, 'dropout': 0.2727780074568463, 'lr': 0.0002692655251486473, 'batch_size': 512, 'focal_alpha': 0.39308947463495336, 'focal_gamma': 1.0}. Best is trial 1 with value: 0.8740063686890261.
[I 2026-08-27 14:04:14,687] Trial 2 finished with value: 0.8822957130205654 and parameters: {'hidden': 256, 'n_layers': 2, 'dropout': 0.1260206371941118, 'lr': 0.00252126790477792, 'batch_size': 512, 'focal_alpha': 0.1781376912051071, 'focal_gamma': 0.0}. Best is trial 2 with value: 0.8822957130205654.
[I 2026-08-27 14:04:38,090] Trial 3 finished with value: 0.8679402845861167 and parameters: {'hidden': 128, 'n_layers': 3, 'dropout': 0.2246844304357644, 'lr': 0.0005864129169696525, 'batch_size': 2048, 'focal_alpha': 0.7201062586888917, 'focal_gamma': 0.0}. Best is trial 2 with value: 0.8822957130205654.
[I 2026-08-27 14:05:06,014] Trial 4 finished with value: 0.8544456105160011 and parameters: {'hidden': 128, 'n_layers': 2, 'dropout': 0.2554709158757928, 'lr': 0.0002516607127550297, 'batch_size': 512, 'focal_alpha': 0.5341568665265988, 'focal_gamma': 3.0}. Best is trial 2 with value: 0.8822957130205654.
[I 2026-08-27 14:05:18,999] Trial 5 finished with value: 0.7965554476495381 and parameters: {'hidden': 64, 'n_layers': 3, 'dropout': 0.38274293753904687, 'lr': 0.0011935262708510541, 'batch_size': 512, 'focal_alpha': 0.1926952476201038, 'focal_gamma': 0.0}. Best is trial 2 with value: 0.8822957130205654.
[I 2026-08-27 14:05:33,024] Trial 6 finished with value: 0.7923409577268175 and parameters: {'hidden': 256, 'n_layers': 3, 'dropout': 0.45488509703053065, 'lr': 0.0004983319160125723, 'batch_size': 2048, 'focal_alpha': 0.549021758055597, 'focal_gamma': 0.0}. Best is trial 2 with value: 0.8822957130205654.
[I 2026-08-27 14:06:02,057] Trial 7 finished with value: 0.855543454738651 and parameters: {'hidden': 128, 'n_layers': 3, 'dropout': 0.22574239243053068, 'lr': 0.0005639239991667561, 'batch_size': 512, 'focal_alpha': 0.7044409108344389, 'focal_gamma': 2.0}. Best is trial 2 with value: 0.8822957130205654.
[I 2026-08-27 14:07:18,910] Trial 8 finished with value: 0.7786759529946713 and parameters: {'hidden': 64, 'n_layers': 3, 'dropout': 0.4214688307596458, 'lr': 0.00018861950443028856, 'batch_size': 512, 'focal_alpha': 0.8168730399387947, 'focal_gamma': 3.0}. Best is trial 2 with value: 0.8822957130205654.
[I 2026-08-27 14:07:36,708] Trial 9 finished with value: 0.8064586870062754 and parameters: {'hidden': 128, 'n_layers': 3, 'dropout': 0.2669644012595116, 'lr': 0.00021285319216384307, 'batch_size': 2048, 'focal_alpha': 0.3585623456166042, 'focal_gamma': 3.0}. Best is trial 2 with value: 0.8822957130205654.
[I 2026-08-27 14:07:49,025] Trial 10 finished with value: 0.8601226780366436 and parameters: {'hidden': 256, 'n_layers': 2, 'dropout': 0.10301892772651727, 'lr': 0.0024048560318963193, 'batch_size': 1024, 'focal_alpha': 0.13098015996894646, 'focal_gamma': 2.0}. Best is trial 2 with value: 0.8822957130205654.
[I 2026-08-27 14:08:08,607] Trial 11 finished with value: 0.8819519801713994 and parameters: {'hidden': 256, 'n_layers': 2, 'dropout': 0.3325733427759081, 'lr': 0.0029036487015681465, 'batch_size': 512, 'focal_alpha': 0.3286834467560793, 'focal_gamma': 1.0}. Best is trial 2 with value: 0.8822957130205654.
[I 2026-08-27 14:08:16,538] Trial 12 finished with value: 0.8504383763645857 and parameters: {'hidden': 256, 'n_layers': 2, 'dropout': 0.3487393890539975, 'lr': 0.0029897123093212807, 'batch_size': 512, 'focal_alpha': 0.27149730847904874, 'focal_gamma': 1.0}. Best is trial 2 with value: 0.8822957130205654.
[I 2026-08-27 14:08:23,541] Trial 13 finished with value: 0.8529596120461519 and parameters: {'hidden': 256, 'n_layers': 2, 'dropout': 0.34383125339629717, 'lr': 0.0018591280676371438, 'batch_size': 512, 'focal_alpha': 0.2904608518835389, 'focal_gamma': 0.0}. Best is trial 2 with value: 0.8822957130205654.
[I 2026-08-27 14:08:48,252] Trial 14 finished with value: 0.865656534828073 and parameters: {'hidden': 256, 'n_layers': 2, 'dropout': 0.49974497545662044, 'lr': 0.001338537312303492, 'batch_size': 512, 'focal_alpha': 0.12082145543601552, 'focal_gamma': 1.0}. Best is trial 2 with value: 0.8822957130205654.
[I 2026-08-27 14:08:59,929] Trial 15 finished with value: 0.8498050616910225 and parameters: {'hidden': 256, 'n_layers': 2, 'dropout': 0.11304769529047548, 'lr': 0.0015617500002908429, 'batch_size': 1024, 'focal_alpha': 0.43073127975417025, 'focal_gamma': 0.0}. Best is trial 2 with value: 0.8822957130205654.
[I 2026-08-27 14:09:13,608] Trial 16 finished with value: 0.8817621204204074 and parameters: {'hidden': 256, 'n_layers': 2, 'dropout': 0.17581389592741584, 'lr': 0.0009407303588796738, 'batch_size': 512, 'focal_alpha': 0.2336506179714264, 'focal_gamma': 1.0}. Best is trial 2 with value: 0.8822957130205654.
[I 2026-08-27 14:09:27,783] Trial 17 finished with value: 0.747250852661077 and parameters: {'hidden': 64, 'n_layers': 2, 'dropout': 0.3064465618347122, 'lr': 0.0001054170150948174, 'batch_size': 512, 'focal_alpha': 0.49102846093895847, 'focal_gamma': 2.0}. Best is trial 2 with value: 0.8822957130205654.
[I 2026-08-27 14:09:41,979] Trial 18 finished with value: 0.8764230528397778 and parameters: {'hidden': 256, 'n_layers': 2, 'dropout': 0.16814752327936697, 'lr': 0.0023519715703224295, 'batch_size': 2048, 'focal_alpha': 0.3251314076631675, 'focal_gamma': 1.0}. Best is trial 2 with value: 0.8822957130205654.
[I 2026-08-27 14:10:12,408] Trial 19 finished with value: 0.8763650430344623 and parameters: {'hidden': 256, 'n_layers': 2, 'dropout': 0.4042315815747465, 'lr': 0.0008925402344807203, 'batch_size': 1024, 'focal_alpha': 0.16843020113352847, 'focal_gamma': 0.0}. Best is trial 2 with value: 0.8822957130205654.

Best val PR-AUC: 0.8823
Best params: {'hidden': 256, 'n_layers': 2, 'dropout': 0.1260206371941118, 'lr': 0.00252126790477792, 'batch_size': 512, 'focal_alpha': 0.1781376912051071, 'focal_gamma': 0.0}
[dnn | stratified] PR-AUC=0.8246 MCC=0.7606 P=1.000 R=0.579
[dnn | chronological] PR-AUC=0.7808 MCC=0.7711 P=0.978 R=0.608
